2025-06-13 21:30:32 [INFO] aladin_crawler: ˶ Ʈ ũѸ 
2025-06-13 21:30:40 [INFO] aladin_crawler: Processing book 1: ȳ̶ ׷ by ['ֶ()'] (е) - 15,120
2025-06-13 21:30:40 [INFO] aladin_crawler: Processing book 2: ȥ by ['س()'] (â) - 16,200
2025-06-13 21:30:40 [INFO] aladin_crawler: Processing book 3: û  (Ư) by ['ù()'] (Ͽ콺) - 17,010
2025-06-13 21:30:40 [INFO] aladin_crawler: Processing book 4: ù ,  by ['()'] () - 15,300
2025-06-13 21:30:40 [INFO] aladin_crawler: Processing book 5:     by ['迵()'] () - 15,120
2025-06-13 21:30:40 [INFO] aladin_crawler: Processing book 6: ҳ ´ by ['Ѱ()'] (â) - 13,500
2025-06-13 21:30:40 [INFO] aladin_crawler: Processing book 7: ο TV 3 : Ͽ  ̼ by ['ο TV()', 'ѹٸ()', '()'] (л깮ȭ(ົ)) - 15,120
2025-06-13 21:30:40 [INFO] aladin_crawler: Processing book 8: Ȥ,  ص ɱ? by ['־()'] (ʸ(Feelm)) - 17,820
2025-06-13 21:30:40 [INFO] aladin_crawler: Processing book 9: ̼  ҹ by ['ҹ()'] (Ʈ) - 18,900
2025-06-13 21:30:40 [INFO] aladin_crawler: Processing book 10:   The Last Resort by ['()', '躹()', '̼()', '()', '()', 'տ()', '()', '()', '()', 'õ()', 'Ȳ()', '()', '()', 'ι()'] (ﱹ) - 13,500
2025-06-13 21:30:40 [INFO] aladin_crawler: Processing book 11:  by ['()'] () - 11,700
2025-06-13 21:30:40 [INFO] aladin_crawler: Processing book 12:  ̾Ʈ  by ['()'] () - 19,800
2025-06-13 21:30:40 [INFO] aladin_crawler: Processing book 13: ̷ο  Ƿο  by ['ְ()', 'ְ()'] (Ѱܷ) - 18,000
2025-06-13 21:30:40 [INFO] aladin_crawler: Processing book 14:  by [' ƩƮ ()', '踸()'] (å) - 8,910
2025-06-13 21:30:40 [INFO] aladin_crawler: Processing book 15: ߰ (ս Ŭ) by ['  丮()', '()'] (е) - 9,000
2025-06-13 21:30:40 [INFO] aladin_crawler: Processing book 16: ᱹ  մϴ :  λ ġö by ['()'] (̺) - 19,800
2025-06-13 21:30:40 [INFO] aladin_crawler: Processing book 17: ཬ by ['帮 ü()', 'ϸӽ()'] (RISE()) - 16,020
2025-06-13 21:30:40 [INFO] aladin_crawler: Processing book 18:   ټ   by [' ()', '()'] (ﵶ) - 15,120
2025-06-13 21:30:40 [INFO] aladin_crawler: Processing book 19:    by ['()'] (īÿ) - 15,750
2025-06-13 21:30:40 [INFO] aladin_crawler: Processing book 20: 丷  ָ Ȱ by ['ʿ()', 'õ()', '()', 'û()', '()'] () - 15,300
2025-06-13 21:30:40 [INFO] aladin_crawler: ˶  20   Ϸ
C:\Users\User\anaconda3\python.exe: No module named db.save_to_db_yes24
2025-06-13 21:45:21 [INFO] aladin_crawler: 알라딘 베스트셀러 크롤링 시작
2025-06-13 21:45:29 [INFO] aladin_crawler: Processing book 1: 안녕이라 그랬어 by ['김애란(지은이)'] (문학동네) - 15,120원
2025-06-13 21:45:29 [INFO] aladin_crawler: Processing book 2: 혼모노 by ['성해나(지은이)'] (창비) - 16,200원
2025-06-13 21:45:29 [INFO] aladin_crawler: Processing book 3: 청춘의 독서 (특별증보판) by ['유시민(지은이)'] (웅진지식하우스) - 17,010원
2025-06-13 21:45:29 [INFO] aladin_crawler: Processing book 4: 첫 여름, 완주 by ['김금희(지은이)'] (무제) - 15,300원
2025-06-13 21:45:29 [INFO] aladin_crawler: Processing book 5: 단 한 번의 삶 by ['김영하(지은이)'] (복복서가) - 15,120원
2025-06-13 21:45:29 [INFO] aladin_crawler: Processing book 6: 소년이 온다 by ['한강(지은이)'] (창비) - 13,500원
2025-06-13 21:45:29 [INFO] aladin_crawler: Processing book 7: 멜로우 TV 3 : 멜싹오싹 위험한 미션 by ['멜로우 TV(원작)', '한바리(원작)', '차차(원작)'] (학산문화사(단행본)) - 15,120원
2025-06-13 21:45:29 [INFO] aladin_crawler: Processing book 8: 혹시, 돈 얘기해도 될까요? by ['주언규(지은이)'] (필름(Feelm)) - 17,820원
2025-06-13 21:45:29 [INFO] aladin_crawler: Processing book 9: 미술관에 간 할미 by ['할미(지은이)'] (더퀘스트) - 18,900원
2025-06-13 21:45:29 [INFO] aladin_crawler: Processing book 10: 믿을 구석 The Last Resort by ['김멜라(지은이)', '김복희(지은이)', '김이설(지은이)', '박정민(지은이)', '박참새(지은이)', '손원평(지은이)', '오은(지은이)', '이해인(지은이)', '조예은(지은이)', '천선란(지은이)', '황인찬(지은이)', '김정아(지은이)', '배유진(지은이)', '인범(지은이)'] (서울국제도서전) - 13,500원
2025-06-13 21:45:29 [INFO] aladin_crawler: Processing book 11: 모순 by ['양귀자(지은이)'] (쓰다) - 11,700원
2025-06-13 21:45:29 [INFO] aladin_crawler: Processing book 12: 유지만 다이어트 레시피 by ['유지만(지은이)'] (길벗) - 19,800원
2025-06-13 21:45:29 [INFO] aladin_crawler: Processing book 13: 이로운 보수 의로운 진보 by ['최강욱(지은이)', '최강혁(지은이)'] (한겨레출판) - 18,000원
2025-06-13 21:45:29 [INFO] aladin_crawler: Processing book 14: 자유론 by ['존 스튜어트 밀(지은이)', '김만권(지은이)'] (책세상) - 8,910원
2025-06-13 21:45:29 [INFO] aladin_crawler: Processing book 15: 야간비행 (먼슬리 클래식) by ['앙투안 드 생텍쥐페리(지은이)', '용경식(지은이)'] (문학동네) - 9,000원
2025-06-13 21:45:29 [INFO] aladin_crawler: Processing book 16: 결국 국민이 합니다 : 이재명의 인생과 정치철학 by ['이재명(지은이)'] (오마이북) - 19,800원
2025-06-13 21:45:29 [INFO] aladin_crawler: Processing book 17: 위버멘쉬 by ['프리드리히 니체(지은이)', '어나니머스(지은이)'] (RISE(떠오름)) - 16,020원
2025-06-13 21:45:29 [INFO] aladin_crawler: Processing book 18: 내게 남은 스물다섯 번의 계절 by ['슈테판 셰퍼(지은이)', '전은경(지은이)'] (서삼독) - 15,120원
2025-06-13 21:45:29 [INFO] aladin_crawler: Processing book 19: 엄마의 말 연습 by ['윤지영(지은이)'] (카시오페아) - 15,750원
2025-06-13 21:45:29 [INFO] aladin_crawler: Processing book 20: 토막 난 우주를 안고서 by ['김초엽(지은이)', '천선란(지은이)', '김혜윤(지은이)', '청예(지은이)', '조서월(지은이)'] (허블) - 15,300원
2025-06-13 21:45:29 [INFO] aladin_crawler: 알라딘 에서 20권 도서 저장 완료
C:\Users\User\anaconda3\python.exe: No module named db.save_to_db_yes24
2025-06-13 21:47:39 [INFO] aladin_crawler: 알라딘 베스트셀러 크롤링 시작
2025-06-13 21:47:46 [INFO] aladin_crawler: Processing book 1: 안녕이라 그랬어 by ['김애란(지은이)'] (문학동네) - 15,120원
2025-06-13 21:47:46 [INFO] aladin_crawler: Processing book 2: 혼모노 by ['성해나(지은이)'] (창비) - 16,200원
2025-06-13 21:47:46 [INFO] aladin_crawler: Processing book 3: 청춘의 독서 (특별증보판) by ['유시민(지은이)'] (웅진지식하우스) - 17,010원
2025-06-13 21:47:46 [INFO] aladin_crawler: Processing book 4: 첫 여름, 완주 by ['김금희(지은이)'] (무제) - 15,300원
2025-06-13 21:47:46 [INFO] aladin_crawler: Processing book 5: 단 한 번의 삶 by ['김영하(지은이)'] (복복서가) - 15,120원
2025-06-13 21:47:46 [INFO] aladin_crawler: Processing book 6: 소년이 온다 by ['한강(지은이)'] (창비) - 13,500원
2025-06-13 21:47:46 [INFO] aladin_crawler: Processing book 7: 멜로우 TV 3 : 멜싹오싹 위험한 미션 by ['멜로우 TV(원작)', '한바리(원작)', '차차(원작)'] (학산문화사(단행본)) - 15,120원
2025-06-13 21:47:46 [INFO] aladin_crawler: Processing book 8: 혹시, 돈 얘기해도 될까요? by ['주언규(지은이)'] (필름(Feelm)) - 17,820원
2025-06-13 21:47:46 [INFO] aladin_crawler: Processing book 9: 미술관에 간 할미 by ['할미(지은이)'] (더퀘스트) - 18,900원
2025-06-13 21:47:46 [INFO] aladin_crawler: Processing book 10: 믿을 구석 The Last Resort by ['김멜라(지은이)', '김복희(지은이)', '김이설(지은이)', '박정민(지은이)', '박참새(지은이)', '손원평(지은이)', '오은(지은이)', '이해인(지은이)', '조예은(지은이)', '천선란(지은이)', '황인찬(지은이)', '김정아(지은이)', '배유진(지은이)', '인범(지은이)'] (서울국제도서전) - 13,500원
2025-06-13 21:47:46 [INFO] aladin_crawler: Processing book 11: 모순 by ['양귀자(지은이)'] (쓰다) - 11,700원
2025-06-13 21:47:46 [INFO] aladin_crawler: Processing book 12: 유지만 다이어트 레시피 by ['유지만(지은이)'] (길벗) - 19,800원
2025-06-13 21:47:46 [INFO] aladin_crawler: Processing book 13: 이로운 보수 의로운 진보 by ['최강욱(지은이)', '최강혁(지은이)'] (한겨레출판) - 18,000원
2025-06-13 21:47:46 [INFO] aladin_crawler: Processing book 14: 자유론 by ['존 스튜어트 밀(지은이)', '김만권(지은이)'] (책세상) - 8,910원
2025-06-13 21:47:46 [INFO] aladin_crawler: Processing book 15: 야간비행 (먼슬리 클래식) by ['앙투안 드 생텍쥐페리(지은이)', '용경식(지은이)'] (문학동네) - 9,000원
2025-06-13 21:47:46 [INFO] aladin_crawler: Processing book 16: 결국 국민이 합니다 : 이재명의 인생과 정치철학 by ['이재명(지은이)'] (오마이북) - 19,800원
2025-06-13 21:47:46 [INFO] aladin_crawler: Processing book 17: 위버멘쉬 by ['프리드리히 니체(지은이)', '어나니머스(지은이)'] (RISE(떠오름)) - 16,020원
2025-06-13 21:47:46 [INFO] aladin_crawler: Processing book 18: 내게 남은 스물다섯 번의 계절 by ['슈테판 셰퍼(지은이)', '전은경(지은이)'] (서삼독) - 15,120원
2025-06-13 21:47:46 [INFO] aladin_crawler: Processing book 19: 엄마의 말 연습 by ['윤지영(지은이)'] (카시오페아) - 15,750원
2025-06-13 21:47:46 [INFO] aladin_crawler: Processing book 20: 토막 난 우주를 안고서 by ['김초엽(지은이)', '천선란(지은이)', '김혜윤(지은이)', '청예(지은이)', '조서월(지은이)'] (허블) - 15,300원
2025-06-13 21:47:46 [INFO] aladin_crawler: 알라딘 에서 20권 도서 저장 완료
C:\Users\User\anaconda3\python.exe: No module named db.save_to_db_yes24
2025-06-13 21:50:15 [INFO] aladin_crawler: 알라딘 베스트셀러 크롤링 시작
2025-06-13 21:50:23 [INFO] aladin_crawler: Processing book 1: 안녕이라 그랬어 by ['김애란(지은이)'] (문학동네) - 15,120원
2025-06-13 21:50:23 [INFO] aladin_crawler: Processing book 2: 혼모노 by ['성해나(지은이)'] (창비) - 16,200원
2025-06-13 21:50:23 [INFO] aladin_crawler: Processing book 3: 청춘의 독서 (특별증보판) by ['유시민(지은이)'] (웅진지식하우스) - 17,010원
2025-06-13 21:50:23 [INFO] aladin_crawler: Processing book 4: 첫 여름, 완주 by ['김금희(지은이)'] (무제) - 15,300원
2025-06-13 21:50:23 [INFO] aladin_crawler: Processing book 5: 단 한 번의 삶 by ['김영하(지은이)'] (복복서가) - 15,120원
2025-06-13 21:50:23 [INFO] aladin_crawler: Processing book 6: 소년이 온다 by ['한강(지은이)'] (창비) - 13,500원
2025-06-13 21:50:23 [INFO] aladin_crawler: Processing book 7: 멜로우 TV 3 : 멜싹오싹 위험한 미션 by ['멜로우 TV(원작)', '한바리(원작)', '차차(원작)'] (학산문화사(단행본)) - 15,120원
2025-06-13 21:50:23 [INFO] aladin_crawler: Processing book 8: 혹시, 돈 얘기해도 될까요? by ['주언규(지은이)'] (필름(Feelm)) - 17,820원
2025-06-13 21:50:23 [INFO] aladin_crawler: Processing book 9: 미술관에 간 할미 by ['할미(지은이)'] (더퀘스트) - 18,900원
2025-06-13 21:50:23 [INFO] aladin_crawler: Processing book 10: 믿을 구석 The Last Resort by ['김멜라(지은이)', '김복희(지은이)', '김이설(지은이)', '박정민(지은이)', '박참새(지은이)', '손원평(지은이)', '오은(지은이)', '이해인(지은이)', '조예은(지은이)', '천선란(지은이)', '황인찬(지은이)', '김정아(지은이)', '배유진(지은이)', '인범(지은이)'] (서울국제도서전) - 13,500원
2025-06-13 21:50:23 [INFO] aladin_crawler: Processing book 11: 모순 by ['양귀자(지은이)'] (쓰다) - 11,700원
2025-06-13 21:50:23 [INFO] aladin_crawler: Processing book 12: 유지만 다이어트 레시피 by ['유지만(지은이)'] (길벗) - 19,800원
2025-06-13 21:50:23 [INFO] aladin_crawler: Processing book 13: 이로운 보수 의로운 진보 by ['최강욱(지은이)', '최강혁(지은이)'] (한겨레출판) - 18,000원
2025-06-13 21:50:23 [INFO] aladin_crawler: Processing book 14: 자유론 by ['존 스튜어트 밀(지은이)', '김만권(지은이)'] (책세상) - 8,910원
2025-06-13 21:50:23 [INFO] aladin_crawler: Processing book 15: 야간비행 (먼슬리 클래식) by ['앙투안 드 생텍쥐페리(지은이)', '용경식(지은이)'] (문학동네) - 9,000원
2025-06-13 21:50:23 [INFO] aladin_crawler: Processing book 16: 결국 국민이 합니다 : 이재명의 인생과 정치철학 by ['이재명(지은이)'] (오마이북) - 19,800원
2025-06-13 21:50:23 [INFO] aladin_crawler: Processing book 17: 위버멘쉬 by ['프리드리히 니체(지은이)', '어나니머스(지은이)'] (RISE(떠오름)) - 16,020원
2025-06-13 21:50:23 [INFO] aladin_crawler: Processing book 18: 내게 남은 스물다섯 번의 계절 by ['슈테판 셰퍼(지은이)', '전은경(지은이)'] (서삼독) - 15,120원
2025-06-13 21:50:23 [INFO] aladin_crawler: Processing book 19: 엄마의 말 연습 by ['윤지영(지은이)'] (카시오페아) - 15,750원
2025-06-13 21:50:23 [INFO] aladin_crawler: Processing book 20: 토막 난 우주를 안고서 by ['김초엽(지은이)', '천선란(지은이)', '김혜윤(지은이)', '청예(지은이)', '조서월(지은이)'] (허블) - 15,300원
2025-06-13 21:50:23 [INFO] aladin_crawler: 알라딘 에서 20권 도서 저장 완료
C:\Users\User\anaconda3\python.exe: No module named db.save_to_db_yes24
2025-06-13 21:51:56 [INFO] aladin_crawler: 알라딘 베스트셀러 크롤링 시작
2025-06-13 21:52:04 [INFO] aladin_crawler: Processing book 1: 안녕이라 그랬어 by ['김애란(지은이)'] (문학동네) - 15,120원
2025-06-13 21:52:04 [INFO] aladin_crawler: Processing book 2: 혼모노 by ['성해나(지은이)'] (창비) - 16,200원
2025-06-13 21:52:04 [INFO] aladin_crawler: Processing book 3: 청춘의 독서 (특별증보판) by ['유시민(지은이)'] (웅진지식하우스) - 17,010원
2025-06-13 21:52:04 [INFO] aladin_crawler: Processing book 4: 첫 여름, 완주 by ['김금희(지은이)'] (무제) - 15,300원
2025-06-13 21:52:04 [INFO] aladin_crawler: Processing book 5: 단 한 번의 삶 by ['김영하(지은이)'] (복복서가) - 15,120원
2025-06-13 21:52:04 [INFO] aladin_crawler: Processing book 6: 소년이 온다 by ['한강(지은이)'] (창비) - 13,500원
2025-06-13 21:52:04 [INFO] aladin_crawler: Processing book 7: 멜로우 TV 3 : 멜싹오싹 위험한 미션 by ['멜로우 TV(원작)', '한바리(원작)', '차차(원작)'] (학산문화사(단행본)) - 15,120원
2025-06-13 21:52:04 [INFO] aladin_crawler: Processing book 8: 혹시, 돈 얘기해도 될까요? by ['주언규(지은이)'] (필름(Feelm)) - 17,820원
2025-06-13 21:52:04 [INFO] aladin_crawler: Processing book 9: 미술관에 간 할미 by ['할미(지은이)'] (더퀘스트) - 18,900원
2025-06-13 21:52:04 [INFO] aladin_crawler: Processing book 10: 믿을 구석 The Last Resort by ['김멜라(지은이)', '김복희(지은이)', '김이설(지은이)', '박정민(지은이)', '박참새(지은이)', '손원평(지은이)', '오은(지은이)', '이해인(지은이)', '조예은(지은이)', '천선란(지은이)', '황인찬(지은이)', '김정아(지은이)', '배유진(지은이)', '인범(지은이)'] (서울국제도서전) - 13,500원
2025-06-13 21:52:04 [INFO] aladin_crawler: Processing book 11: 모순 by ['양귀자(지은이)'] (쓰다) - 11,700원
2025-06-13 21:52:04 [INFO] aladin_crawler: Processing book 12: 유지만 다이어트 레시피 by ['유지만(지은이)'] (길벗) - 19,800원
2025-06-13 21:52:04 [INFO] aladin_crawler: Processing book 13: 이로운 보수 의로운 진보 by ['최강욱(지은이)', '최강혁(지은이)'] (한겨레출판) - 18,000원
2025-06-13 21:52:04 [INFO] aladin_crawler: Processing book 14: 자유론 by ['존 스튜어트 밀(지은이)', '김만권(지은이)'] (책세상) - 8,910원
2025-06-13 21:52:04 [INFO] aladin_crawler: Processing book 15: 야간비행 (먼슬리 클래식) by ['앙투안 드 생텍쥐페리(지은이)', '용경식(지은이)'] (문학동네) - 9,000원
2025-06-13 21:52:04 [INFO] aladin_crawler: Processing book 16: 결국 국민이 합니다 : 이재명의 인생과 정치철학 by ['이재명(지은이)'] (오마이북) - 19,800원
2025-06-13 21:52:04 [INFO] aladin_crawler: Processing book 17: 위버멘쉬 by ['프리드리히 니체(지은이)', '어나니머스(지은이)'] (RISE(떠오름)) - 16,020원
2025-06-13 21:52:04 [INFO] aladin_crawler: Processing book 18: 내게 남은 스물다섯 번의 계절 by ['슈테판 셰퍼(지은이)', '전은경(지은이)'] (서삼독) - 15,120원
2025-06-13 21:52:04 [INFO] aladin_crawler: Processing book 19: 엄마의 말 연습 by ['윤지영(지은이)'] (카시오페아) - 15,750원
2025-06-13 21:52:04 [INFO] aladin_crawler: Processing book 20: 토막 난 우주를 안고서 by ['김초엽(지은이)', '천선란(지은이)', '김혜윤(지은이)', '청예(지은이)', '조서월(지은이)'] (허블) - 15,300원
2025-06-13 21:52:04 [INFO] aladin_crawler: 알라딘 에서 20권 도서 저장 완료
C:\Users\User\anaconda3\python.exe: No module named db.save_to_db_yes24
